[debug] [2023-01-20T20:52:54.567Z] ----------------------------------------------------------------------
[debug] [2023-01-20T20:52:54.569Z] Command:       C:\Program Files\nodejs\node.exe C:\Users\rjjub\AppData\Roaming\npm\node_modules\firebase-tools\lib\bin\firebase.js init
[debug] [2023-01-20T20:52:54.570Z] CLI Version:   11.16.1
[debug] [2023-01-20T20:52:54.570Z] Platform:      win32
[debug] [2023-01-20T20:52:54.570Z] Node Version:  v16.16.0
[debug] [2023-01-20T20:52:54.578Z] Time:          Sat Jan 21 2023 02:52:54 GMT+0600 (Bangladesh Standard Time)
[debug] [2023-01-20T20:52:54.579Z] ----------------------------------------------------------------------
[debug] 
[debug] [2023-01-20T20:52:54.592Z] > command requires scopes: ["email","openid","https://www.googleapis.com/auth/cloudplatformprojects.readonly","https://www.googleapis.com/auth/firebase","https://www.googleapis.com/auth/cloud-platform"]
[debug] [2023-01-20T20:52:54.594Z] > authorizing via signed-in user (nextjubayerauth@gmail.com)
[info] 
     ######## #### ########  ######## ########     ###     ######  ########
     ##        ##  ##     ## ##       ##     ##  ##   ##  ##       ##
     ######    ##  ########  ######   ########  #########  ######  ######
     ##        ##  ##    ##  ##       ##     ## ##     ##       ## ##
     ##       #### ##     ## ######## ########  ##     ##  ######  ########

You're about to initialize a Firebase project in this directory:

  C:\projects\1 After Course\creative-thoughts

Before we get started, keep in mind:

  * You are currently outside your home directory

[info] 
=== Project Setup
[info] 
[info] First, let's associate this project directory with a Firebase project.
[info] You can create multiple project aliases by running firebase use --add, 
[info] but for now we'll just set up a default project.
[info] 
[debug] [2023-01-20T20:53:17.753Z] >>> [apiv2][query] GET https://firebase.googleapis.com/v1beta1/projects pageSize=100
[debug] [2023-01-20T20:53:18.585Z] <<< [apiv2][status] GET https://firebase.googleapis.com/v1beta1/projects 200
[debug] [2023-01-20T20:53:18.585Z] <<< [apiv2][body] GET https://firebase.googleapis.com/v1beta1/projects [omitted]
[info] i  Using project creative-thoughts-app (creative-thoughts-app) 
[info] 
=== Hosting Setup
[debug] [2023-01-20T20:54:14.517Z] Error: Command failed: npx --yes create-next-app@latest -e hello-world pages --use-npm 
    at checkExecSyncError (node:child_process:828:11)
    at execSync (node:child_process:899:15)
    at Object.init (C:\Users\rjjub\AppData\Roaming\npm\node_modules\firebase-tools\lib\frameworks\next\index.js:104:34)
    at processTicksAndRejections (node:internal/process/task_queues:96:5)
    at async doSetup (C:\Users\rjjub\AppData\Roaming\npm\node_modules\firebase-tools\lib\init\features\hosting\index.js:86:13)
    at async init (C:\Users\rjjub\AppData\Roaming\npm\node_modules\firebase-tools\lib\init\index.js:36:9)
[error] 
[error] Error: An unexpected error has occurred.
